0 info it worked if it ends with ok
1 verbose cli [ '/home/cloudspider/.nvm/versions/node/v6.11.2/bin/node',
1 verbose cli   '/home/cloudspider/.nvm/versions/node/v6.11.2/lib/node_modules/npm/bin/npm-cli.js',
1 verbose cli   'run',
1 verbose cli   'start',
1 verbose cli   '--scripts-prepend-node-path=auto' ]
2 info using npm@3.10.10
3 info using node@v6.11.2
4 verbose run-script [ 'prestart', 'start', 'poststart' ]
5 info lifecycle meteor-preact-boilerplate@~prestart: meteor-preact-boilerplate@
6 silly lifecycle meteor-preact-boilerplate@~prestart: no script for prestart, continuing
7 info lifecycle meteor-preact-boilerplate@~start: meteor-preact-boilerplate@
8 verbose lifecycle meteor-preact-boilerplate@~start: unsafe-perm in lifecycle true
9 verbose lifecycle meteor-preact-boilerplate@~start: PATH: /home/cloudspider/.nvm/versions/node/v6.11.2/lib/node_modules/npm/bin/node-gyp-bin:/home/cloudspider/server/cloudspider/boilerplates/meteor-preact-ssr-blog/node_modules/.bin:/home/cloudspider/.nvm/versions/node/v6.11.2/bin:/home/cloudspider/google-cloud-sdk/bin:/home/cloudspider/.nvm/versions/node/v6.11.5/bin:/usr/lib64/qt-3.3/bin:/usr/local/bin:/usr/local/sbin:/usr/bin:/usr/sbin:/opt/gitkraken:/opt/gitkraken:/home/cloudspider/.local/bin:/home/cloudspider/bin
10 verbose lifecycle meteor-preact-boilerplate@~start: CWD: /home/cloudspider/server/cloudspider/boilerplates/meteor-preact-ssr-blog
11 silly lifecycle meteor-preact-boilerplate@~start: Args: [ '-c', 'cd src && meteor npm start' ]
12 silly lifecycle meteor-preact-boilerplate@~start: Returned: code: 1  signal: null
13 info lifecycle meteor-preact-boilerplate@~start: Failed to exec start script
14 verbose stack Error: meteor-preact-boilerplate@ start: `cd src && meteor npm start`
14 verbose stack Exit status 1
14 verbose stack     at EventEmitter.<anonymous> (/home/cloudspider/.nvm/versions/node/v6.11.2/lib/node_modules/npm/lib/utils/lifecycle.js:255:16)
14 verbose stack     at emitTwo (events.js:106:13)
14 verbose stack     at EventEmitter.emit (events.js:191:7)
14 verbose stack     at ChildProcess.<anonymous> (/home/cloudspider/.nvm/versions/node/v6.11.2/lib/node_modules/npm/lib/utils/spawn.js:40:14)
14 verbose stack     at emitTwo (events.js:106:13)
14 verbose stack     at ChildProcess.emit (events.js:191:7)
14 verbose stack     at maybeClose (internal/child_process.js:891:16)
14 verbose stack     at Process.ChildProcess._handle.onexit (internal/child_process.js:226:5)
15 verbose pkgid meteor-preact-boilerplate@
16 verbose cwd /home/cloudspider/server/cloudspider/boilerplates/meteor-preact-ssr-blog
17 error Linux 4.16.7-100.fc26.x86_64
18 error argv "/home/cloudspider/.nvm/versions/node/v6.11.2/bin/node" "/home/cloudspider/.nvm/versions/node/v6.11.2/lib/node_modules/npm/bin/npm-cli.js" "run" "start" "--scripts-prepend-node-path=auto"
19 error node v6.11.2
20 error npm  v3.10.10
21 error code ELIFECYCLE
22 error meteor-preact-boilerplate@ start: `cd src && meteor npm start`
22 error Exit status 1
23 error Failed at the meteor-preact-boilerplate@ start script 'cd src && meteor npm start'.
23 error Make sure you have the latest version of node.js and npm installed.
23 error If you do, this is most likely a problem with the meteor-preact-boilerplate package,
23 error not with npm itself.
23 error Tell the author that this fails on your system:
23 error     cd src && meteor npm start
23 error You can get information on how to open an issue for this project with:
23 error     npm bugs meteor-preact-boilerplate
23 error Or if that isn't available, you can get their info via:
23 error     npm owner ls meteor-preact-boilerplate
23 error There is likely additional logging output above.
24 verbose exit [ 1, true ]
