0 info it worked if it ends with ok
1 verbose cli [ 'C:\\Program Files\\nodejs\\node.exe',
1 verbose cli   'C:\\Program Files\\nodejs\\node_modules\\npm\\bin\\npm-cli.js',
1 verbose cli   'run',
1 verbose cli   'start',
1 verbose cli   '--scripts-prepend-node-path=auto' ]
2 info using npm@3.10.10
3 info using node@v6.10.3
4 verbose run-script [ 'prestart', 'start', 'poststart' ]
5 info lifecycle meteor-react-boilerplate@~prestart: meteor-react-boilerplate@
6 silly lifecycle meteor-react-boilerplate@~prestart: no script for prestart, continuing
7 info lifecycle meteor-react-boilerplate@~start: meteor-react-boilerplate@
8 verbose lifecycle meteor-react-boilerplate@~start: unsafe-perm in lifecycle true
9 verbose lifecycle meteor-react-boilerplate@~start: PATH: C:\Users\Cloudspider\AppData\Roaming\nvm\v6.10.3\node_modules\npm\bin\node-gyp-bin;C:\Users\Cloudspider\WebstormProjects\meteor-boilerplates\meteor-react-ssr-ejson-hydration\node_modules\.bin;C:\Program Files (x86)\Common Files\Oracle\Java\javapath;C:\Program Files (x86)\NVIDIA Corporation\PhysX\Common;C:\Program Files\ImageMagick-7.0.4-Q16;C:\ProgramData\Oracle\Java\javapath;C:\WINDOWS\system32;C:\WINDOWS;C:\WINDOWS\System32\Wbem;C:\WINDOWS\System32\WindowsPowerShell\v1.0\;C:\Program Files\Git\cmd;C:\Program Files (x86)\Windows Kits\8.1\Windows Performance Toolkit\;C:\wamp64\bin\php\php5.6.25;C:\Program Files (x86)\Skype\Phone\;C:\Program Files\Amazon\AWSCLI\;C:\Users\Cloudspider\AppData\Roaming\nvm;C:\Program Files\nodejs;C:\WINDOWS\System32\OpenSSH\;C:\Users\Cloudspider\AppData\Local\.meteor\;C:\Program Files\MongoDB\Server\3.2\bin;C:\Users\Cloudspider\AppData\Local\Microsoft\WindowsApps;C:\Users\Cloudspider\AppData\Roaming\npm;C:\Users\Cloudspider\AppData\Roaming\nvm;C:\Program Files\nodejs;C:\Users\Cloudspider\AppData\Local\Microsoft\WindowsApps;C:\Program Files\heroku\bin
10 verbose lifecycle meteor-react-boilerplate@~start: CWD: C:\Users\Cloudspider\WebstormProjects\meteor-boilerplates\meteor-react-ssr-ejson-hydration
11 silly lifecycle meteor-react-boilerplate@~start: Args: [ '/d /s /c', 'cd src && meteor npm start' ]
12 silly lifecycle meteor-react-boilerplate@~start: Returned: code: 254  signal: null
13 info lifecycle meteor-react-boilerplate@~start: Failed to exec start script
14 verbose stack Error: meteor-react-boilerplate@ start: `cd src && meteor npm start`
14 verbose stack Exit status 254
14 verbose stack     at EventEmitter.<anonymous> (C:\Users\Cloudspider\AppData\Roaming\nvm\v6.10.3\node_modules\npm\lib\utils\lifecycle.js:255:16)
14 verbose stack     at emitTwo (events.js:106:13)
14 verbose stack     at EventEmitter.emit (events.js:191:7)
14 verbose stack     at ChildProcess.<anonymous> (C:\Users\Cloudspider\AppData\Roaming\nvm\v6.10.3\node_modules\npm\lib\utils\spawn.js:40:14)
14 verbose stack     at emitTwo (events.js:106:13)
14 verbose stack     at ChildProcess.emit (events.js:191:7)
14 verbose stack     at maybeClose (internal/child_process.js:886:16)
14 verbose stack     at Process.ChildProcess._handle.onexit (internal/child_process.js:226:5)
15 verbose pkgid meteor-react-boilerplate@
16 verbose cwd C:\Users\Cloudspider\WebstormProjects\meteor-boilerplates\meteor-react-ssr-ejson-hydration
17 error Windows_NT 10.0.17134
18 error argv "C:\\Program Files\\nodejs\\node.exe" "C:\\Program Files\\nodejs\\node_modules\\npm\\bin\\npm-cli.js" "run" "start" "--scripts-prepend-node-path=auto"
19 error node v6.10.3
20 error npm  v3.10.10
21 error code ELIFECYCLE
22 error meteor-react-boilerplate@ start: `cd src && meteor npm start`
22 error Exit status 254
23 error Failed at the meteor-react-boilerplate@ start script 'cd src && meteor npm start'.
23 error Make sure you have the latest version of node.js and npm installed.
23 error If you do, this is most likely a problem with the meteor-react-boilerplate package,
23 error not with npm itself.
23 error Tell the author that this fails on your system:
23 error     cd src && meteor npm start
23 error You can get information on how to open an issue for this project with:
23 error     npm bugs meteor-react-boilerplate
23 error Or if that isn't available, you can get their info via:
23 error     npm owner ls meteor-react-boilerplate
23 error There is likely additional logging output above.
24 verbose exit [ 1, true ]
